<?xml version="1.0" encoding="utf-8"?><testsuite errors="0" failures="0" name="pytest" skips="0" tests="7" time="0.362"><testcase classname="pytests.test_index" file="pytests/test_index.py" line="8" name="test_italy" time="0.0010006427764892578"></testcase><testcase classname="pytests.test_index" file="pytests/test_index.py" line="11" name="test_mexico" time="0.0006573200225830078"></testcase><testcase classname="pytests.test_index" file="pytests/test_index.py" line="14" name="test_kindof_neighbors" time="0.0006272792816162109"></testcase><testcase classname="pytests.test_index" file="pytests/test_index.py" line="17" name="test_malta_presence" time="0.0006260871887207031"></testcase><testcase classname="pytests.test_index" file="pytests/test_index.py" line="20" name="test_new_mexico_presence" time="0.0006899833679199219"></testcase><testcase classname="pytests.test_index" file="pytests/test_index.py" line="23" name="test_unique_countries" time="0.0006220340728759766"></testcase><testcase classname="pytests.test_index" file="pytests/test_index.py" line="26" name="test_num_repeats" time="0.0007619857788085938"></testcase></testsuite>